Book test_title created at: 2017-05-01 21:58:49.177990
Book test_title updated at: 2017-05-01 21:59:12.914123
Book test_title deleted at: 2017-05-01 21:59:26.594737
Book test updated at: 2017-05-02 16:10:54.605502
Book Don Quixote updated at: 2017-05-10 21:14:43.514519
Book War and Peace updated at: 2017-05-10 21:14:43.514519
Book Hamlet updated at: 2017-05-10 21:14:43.514519
Book Don Quixote created at: 2017-05-10 21:17:11.914604
Book War and Peace created at: 2017-05-10 21:17:11.914604
Book Hamlet created at: 2017-05-10 21:17:11.914604
Book Don Quixote updated at: 2017-05-10 22:24:50.492443
Book Don Quixote updated at: 2017-05-10 23:02:32.334045
Book Don Quixote updated at: 2017-05-10 23:02:32.334045
Book Don Quixote updated at: 2017-05-10 23:11:46.152387
Book Don Quixote updated at: 2017-05-10 23:11:59.055853
Book Don Quixote updated at: 2017-05-10 23:21:32.506416
Book Don Quixote updated at: 2017-05-12 21:35:08.868390
Book War and Peace updated at: 2017-05-12 21:35:08.987781
Book Hamlet updated at: 2017-05-12 21:35:08.989782
Book Don Quixote created at: 2017-05-14 13:58:42.188334
Book War and Peace created at: 2017-05-14 13:58:42.190336
Book Hamlet created at: 2017-05-14 13:58:42.192337
Book Don Quixote created at: 2017-05-14 14:01:47.443466
Book War and Peace created at: 2017-05-14 14:01:47.445467
Book Hamlet created at: 2017-05-14 14:01:47.447469
Book Don Quixote updated at: 2017-05-14 19:24:20.831621
Book Don Quixote updated at: 2017-05-14 19:24:37.485523
Book Don Quixote updated at: 2017-05-14 19:38:59.614825
Book 234 created at: 2017-05-14 19:39:37.832779
Book 234 deleted at: 2017-05-14 19:39:47.944552
